<?xml version="1.0" encoding="UTF-8"?>
<testng-results skipped="0" failed="0" ignored="0" total="1" passed="1">
  <reporter-output>
    <line>
      <![CDATA[Hi]]>
    </line>
  </reporter-output>
  <suite name="Suite" duration-ms="44" started-at="2021-02-20T06:20:36Z" finished-at="2021-02-20T06:20:37Z">
    <groups>
    </groups>
    <test name="Test" duration-ms="44" started-at="2021-02-20T06:20:36Z" finished-at="2021-02-20T06:20:37Z">
      <class name="project.Demo">
        <test-method status="PASS" signature="testA()[pri:0, instance:project.Demo@17550481]" name="testA" duration-ms="14" started-at="2021-02-20T11:50:37Z" finished-at="2021-02-20T11:50:37Z">
          <reporter-output>
            <line>
              <![CDATA[Hi]]>
            </line>
          </reporter-output>
        </test-method> <!-- testA -->
      </class> <!-- project.Demo -->
    </test> <!-- Test -->
  </suite> <!-- Suite -->
</testng-results>
