<?xml version="1.0" encoding="UTF-8"?>
<testng-results skipped="0" failed="0" ignored="0" total="1" passed="1">
  <reporter-output>
    <line>
      <![CDATA[Hi]]>
    </line>
  </reporter-output>
  <suite name="Suite" duration-ms="23" started-at="2021-02-18T04:38:20Z" finished-at="2021-02-18T04:38:20Z">
    <groups>
    </groups>
    <test name="Test" duration-ms="23" started-at="2021-02-18T04:38:20Z" finished-at="2021-02-18T04:38:20Z">
      <class name="project.Demo">
        <test-method status="PASS" signature="testA()[pri:0, instance:project.Demo@51efea79]" name="testA" duration-ms="7" started-at="2021-02-18T10:08:20Z" finished-at="2021-02-18T10:08:20Z">
          <reporter-output>
            <line>
              <![CDATA[Hi]]>
            </line>
          </reporter-output>
        </test-method> <!-- testA -->
      </class> <!-- project.Demo -->
    </test> <!-- Test -->
  </suite> <!-- Suite -->
</testng-results>
